<?xml version="1.0" encoding="UTF-8"?>
<testsuite xmlns:xsi="http://www.w3.org/2001/XMLSchema-instance" xsi:noNamespaceSchemaLocation="https://maven.apache.org/surefire/maven-surefire-plugin/xsd/surefire-test-report.xsd" name="circulo.CirculoTest" time="0.035" tests="10" errors="0" skipped="0" failures="0">
  <properties>
    <property name="sun.desktop" value="windows"/>
    <property name="awt.toolkit" value="sun.awt.windows.WToolkit"/>
    <property name="java.specification.version" value="11"/>
    <property name="sun.cpu.isalist" value="amd64"/>
    <property name="sun.jnu.encoding" value="Cp1252"/>
    <property name="java.class.path" value="C:\Users\flope\Desktop\Ejercicios\Contornos de desenvolvemento\TEMA 4\MAVEN\circulo\target\test-classes;C:\Users\flope\Desktop\Ejercicios\Contornos de desenvolvemento\TEMA 4\MAVEN\circulo\target\classes;C:\Users\flope\.m2\repository\junit\junit\4.11\junit-4.11.jar;C:\Users\flope\.m2\repository\org\hamcrest\hamcrest-core\1.3\hamcrest-core-1.3.jar;"/>
    <property name="java.vm.vendor" value="Oracle Corporation"/>
    <property name="sun.arch.data.model" value="64"/>
    <property name="user.variant" value=""/>
    <property name="java.vendor.url" value="https://openjdk.java.net/"/>
    <property name="user.timezone" value="Europe/Paris"/>
    <property name="java.vm.specification.version" value="11"/>
    <property name="os.name" value="Windows 10"/>
    <property name="sun.java.launcher" value="SUN_STANDARD"/>
    <property name="user.country" value="ES"/>
    <property name="sun.boot.library.path" value="C:\Program Files\Java\jdk-11.0.9\bin"/>
    <property name="sun.java.command" value="C:\Users\flope\AppData\Local\Temp\surefire13535615301505452890\surefirebooter1322669326668851682.jar C:\Users\flope\AppData\Local\Temp\surefire13535615301505452890 2021-03-07T22-42-01_699-jvmRun1 surefire71608878528398961tmp surefire_07324407726219315027tmp"/>
    <property name="jdk.debug" value="release"/>
    <property name="surefire.test.class.path" value="C:\Users\flope\Desktop\Ejercicios\Contornos de desenvolvemento\TEMA 4\MAVEN\circulo\target\test-classes;C:\Users\flope\Desktop\Ejercicios\Contornos de desenvolvemento\TEMA 4\MAVEN\circulo\target\classes;C:\Users\flope\.m2\repository\junit\junit\4.11\junit-4.11.jar;C:\Users\flope\.m2\repository\org\hamcrest\hamcrest-core\1.3\hamcrest-core-1.3.jar;"/>
    <property name="sun.cpu.endian" value="little"/>
    <property name="user.home" value="C:\Users\flope"/>
    <property name="user.language" value="es"/>
    <property name="java.specification.vendor" value="Oracle Corporation"/>
    <property name="java.version.date" value="2020-10-20"/>
    <property name="java.home" value="C:\Program Files\Java\jdk-11.0.9"/>
    <property name="file.separator" value="\"/>
    <property name="basedir" value="C:\Users\flope\Desktop\Ejercicios\Contornos de desenvolvemento\TEMA 4\MAVEN\circulo"/>
    <property name="java.vm.compressedOopsMode" value="Zero based"/>
    <property name="line.separator" value="&#10;"/>
    <property name="java.specification.name" value="Java Platform API Specification"/>
    <property name="java.vm.specification.vendor" value="Oracle Corporation"/>
    <property name="java.awt.graphicsenv" value="sun.awt.Win32GraphicsEnvironment"/>
    <property name="surefire.real.class.path" value="C:\Users\flope\AppData\Local\Temp\surefire13535615301505452890\surefirebooter1322669326668851682.jar"/>
    <property name="user.script" value=""/>
    <property name="sun.management.compiler" value="HotSpot 64-Bit Tiered Compilers"/>
    <property name="java.runtime.version" value="11.0.9+7-LTS"/>
    <property name="user.name" value="flope"/>
    <property name="path.separator" value=";"/>
    <property name="os.version" value="10.0"/>
    <property name="java.runtime.name" value="Java(TM) SE Runtime Environment"/>
    <property name="file.encoding" value="Cp1252"/>
    <property name="java.vm.name" value="Java HotSpot(TM) 64-Bit Server VM"/>
    <property name="java.vendor.version" value="18.9"/>
    <property name="localRepository" value="C:\Users\flope\.m2\repository"/>
    <property name="java.vendor.url.bug" value="https://bugreport.java.com/bugreport/"/>
    <property name="java.io.tmpdir" value="C:\Users\flope\AppData\Local\Temp\"/>
    <property name="java.version" value="11.0.9"/>
    <property name="user.dir" value="C:\Users\flope\Desktop\Ejercicios\Contornos de desenvolvemento\TEMA 4\MAVEN\circulo"/>
    <property name="os.arch" value="amd64"/>
    <property name="java.vm.specification.name" value="Java Virtual Machine Specification"/>
    <property name="java.awt.printerjob" value="sun.awt.windows.WPrinterJob"/>
    <property name="sun.os.patch.level" value=""/>
    <property name="java.library.path" value="C:\Program Files\Java\jdk-11.0.9\bin;C:\Windows\Sun\Java\bin;C:\Windows\system32;C:\Windows;C:\oraclexe\app\oracle\product\11.2.0\server\bin;C:\Program Files\Common Files\Oracle\Java\javapath;C:\Program Files\AdoptOpenJDK\jdk-11.0.9.11-hotspot\bin;C:\Program Files (x86)\Common Files\Intel\Shared Libraries\redist\intel64_win\compiler;C:\Windows\system32;C:\Windows;C:\Windows\System32\Wbem;C:\Windows\System32\WindowsPowerShell\v1.0\;C:\Windows\System32\OpenSSH\;C:\Program Files (x86)\NVIDIA Corporation\PhysX\Common;C:\Program Files\NVIDIA Corporation\NVIDIA NvDLISR;C:\Program Files\Microsoft VS Code\bin;C:\Program Files\Git\cmd;C:\Users\flope\AppData\Local\TRIGGERcmdAgent\app-1.0.24;C:\Program Files\Java\jdk-11.0.9\bin;C:\Users\flope\Documents\apache-maven-3.6.3-bin\apache-maven-3.6.3\bin;C:\Users\flope\AppData\Local\Microsoft\WindowsApps;;."/>
    <property name="java.vendor" value="Oracle Corporation"/>
    <property name="java.vm.info" value="mixed mode"/>
    <property name="java.vm.version" value="11.0.9+7-LTS"/>
    <property name="sun.io.unicode.encoding" value="UnicodeLittle"/>
    <property name="java.class.version" value="55.0"/>
  </properties>
  <testcase name="testObtenerArea" classname="circulo.CirculoTest" time="0.002"/>
  <testcase name="testTrasladarCentro" classname="circulo.CirculoTest" time="0.001"/>
  <testcase name="testObtenerDiametro" classname="circulo.CirculoTest" time="0.001"/>
  <testcase name="testEstablecerX" classname="circulo.CirculoTest" time="0"/>
  <testcase name="testEstablecerY" classname="circulo.CirculoTest" time="0.006"/>
  <testcase name="testObtenerCircunferencia" classname="circulo.CirculoTest" time="0"/>
  <testcase name="testObtenerRadio" classname="circulo.CirculoTest" time="0.001"/>
  <testcase name="testEstablecerRadio" classname="circulo.CirculoTest" time="0"/>
  <testcase name="testObtenerX" classname="circulo.CirculoTest" time="0.006"/>
  <testcase name="testObtenerY" classname="circulo.CirculoTest" time="0"/>
</testsuite>